[debug] [2021-03-11T22:54:44.760Z] ----------------------------------------------------------------------
[debug] [2021-03-11T22:54:44.761Z] Command:       /usr/local/bin/node /usr/local/bin/firebase init
[debug] [2021-03-11T22:54:44.761Z] CLI Version:   9.6.1
[debug] [2021-03-11T22:54:44.762Z] Platform:      darwin
[debug] [2021-03-11T22:54:44.762Z] Node Version:  v14.15.5
[debug] [2021-03-11T22:54:44.763Z] Time:          Thu Mar 11 2021 17:54:44 GMT-0500 (Eastern Standard Time)
[debug] [2021-03-11T22:54:44.763Z] ----------------------------------------------------------------------
[debug] [2021-03-11T22:54:44.763Z] 
[debug] [2021-03-11T22:54:44.768Z] > command requires scopes: ["email","openid","https://www.googleapis.com/auth/cloudplatformprojects.readonly","https://www.googleapis.com/auth/firebase","https://www.googleapis.com/auth/cloud-platform"]
[debug] [2021-03-11T22:54:44.768Z] > authorizing via signed-in user
[info] 
     ######## #### ########  ######## ########     ###     ######  ########
     ##        ##  ##     ## ##       ##     ##  ##   ##  ##       ##
     ######    ##  ########  ######   ########  #########  ######  ######
     ##        ##  ##    ##  ##       ##     ## ##     ##       ## ##
     ##       #### ##     ## ######## ########  ##     ##  ######  ########

You're about to initialize a Firebase project in this directory:

  /Users/deanterrizzi/Documents/MERN_Stack_Projects/tinder_mern/tinder_clone

[info] 
=== Project Setup
[info] 
[info] First, let's associate this project directory with a Firebase project.
[info] You can create multiple project aliases by running firebase use --add, 
[info] but for now we'll just set up a default project.
[info] 
[debug] [2021-03-11T22:55:26.451Z] >>> [apiv2][query] GET https://firebase.googleapis.com/v1beta1/projects pageSize=100
[debug] [2021-03-11T22:55:26.767Z] <<< [apiv2][status] GET https://firebase.googleapis.com/v1beta1/projects 200
[debug] [2021-03-11T22:55:26.767Z] <<< [apiv2][body] GET https://firebase.googleapis.com/v1beta1/projects [omitted]
[info] i  Using project tinder-clone-e98d0 (tinder-clone) 
[info] 
=== Hosting Setup
[info] 
[info] Your public directory is the folder (relative to your project directory) that
[info] will contain Hosting assets to be uploaded with firebase deploy. If you
[info] have a build process for your assets, use your build's output directory.
[info] 
[debug] [2021-03-11T22:58:15.318Z] >>> [apiv2][query] GET https://www.gstatic.com/firebasejs/releases.json [none]
[debug] [2021-03-11T22:58:15.439Z] <<< [apiv2][status] GET https://www.gstatic.com/firebasejs/releases.json 200
[debug] [2021-03-11T22:58:15.440Z] <<< [apiv2][body] GET https://www.gstatic.com/firebasejs/releases.json {"current":{"version":"8.3.0","browserURL":"https://www.gstatic.com/firebasejs/8.3.0/firebase.js","packageURL":"https://www.gstatic.com/firebasejs/8.3.0/firebase.tgz"},"live":{"version":"8.3","browserURL":"https://www.gstatic.com/firebasejs/live/8.3/firebase.js","packageURL":"https://www.gstatic.com/firebasejs/live/8.3/firebase.tgz"},"components":{"analytics":"https://www.gstatic.com/firebasejs/8.3.0/firebase-analytics.js","app":"https://www.gstatic.com/firebasejs/8.3.0/firebase-app.js","auth":"https://www.gstatic.com/firebasejs/8.3.0/firebase-auth.js","database":"https://www.gstatic.com/firebasejs/8.3.0/firebase-database.js","firestore":"https://www.gstatic.com/firebasejs/8.3.0/firebase-firestore.js","functions":"https://www.gstatic.com/firebasejs/8.3.0/firebase-functions.js","installations":"https://www.gstatic.com/firebasejs/8.3.0/firebase-installations.js","messaging":"https://www.gstatic.com/firebasejs/8.3.0/firebase-messaging.js","storage":"https://www.gstatic.com/firebasejs/8.3.0/firebase-storage.js","performance":"https://www.gstatic.com/firebasejs/8.3.0/firebase-performance.js","remote-config":"https://www.gstatic.com/firebasejs/8.3.0/firebase-remote-config.js","firestore.memory":"https://www.gstatic.com/firebasejs/8.3.0/firebase-firestore.memory.js"}}
[info] ✔  Wrote build/index.html 
[info] 
[info] i  Detected a .git folder at /Users/deanterrizzi/Documents/MERN_Stack_Projects/tinder_mern 
[info] i  Authorizing with GitHub to upload your service account to a GitHub repository's secrets store. 
[info] 
[info] Visit this URL on this device to log in:
[info] https://github.com/login/oauth/authorize?client_id=89cf50f02ac6aaed3484&state=167562392&redirect_uri=http%3A%2F%2Flocalhost%3A9005&scope=read%3Auser%20repo%20public_repo
[info] 
[info] Waiting for authentication...
[debug] [2021-03-11T22:58:42.099Z] >>> HTTP REQUEST POST https://github.com/login/oauth/access_token  
 {"client_id":"89cf50f02ac6aaed3484","client_secret":"3330d14abc895d9a74d5f17cd7a00711fa2c5bf0","code":"92c05cee085e1a2e1ea7","redirect_uri":"http://localhost:9005","state":"167562392"}
[debug] [2021-03-11T22:58:42.294Z] <<< HTTP RESPONSE 200 {"server":"GitHub.com","date":"Thu, 11 Mar 2021 22:58:42 GMT","content-type":"application/json; charset=utf-8","transfer-encoding":"chunked","vary":"X-PJAX, Accept-Encoding, Accept, X-Requested-With","etag":"W/\"4cc4a3154126269bf0c5e9fef71921a1\"","cache-control":"max-age=0, private, must-revalidate","strict-transport-security":"max-age=31536000; includeSubdomains; preload","x-frame-options":"deny","x-content-type-options":"nosniff","x-xss-protection":"1; mode=block","referrer-policy":"origin-when-cross-origin, strict-origin-when-cross-origin","expect-ct":"max-age=2592000, report-uri=\"https://api.github.com/_private/browser/errors\"","content-security-policy":"default-src 'none'; base-uri 'self'; block-all-mixed-content; connect-src 'self' uploads.github.com www.githubstatus.com collector.githubapp.com api.github.com github-cloud.s3.amazonaws.com github-production-repository-file-5c1aeb.s3.amazonaws.com github-production-upload-manifest-file-7fdce7.s3.amazonaws.com github-production-user-asset-6210df.s3.amazonaws.com cdn.optimizely.com logx.optimizely.com/v1/events wss://alive.github.com; font-src github.githubassets.com; form-action 'self' github.com gist.github.com; frame-ancestors 'none'; frame-src render.githubusercontent.com; img-src 'self' data: github.githubassets.com identicons.github.com collector.githubapp.com github-cloud.s3.amazonaws.com secured-user-images.githubusercontent.com/ *.githubusercontent.com; manifest-src 'self'; media-src 'none'; script-src github.githubassets.com; style-src 'unsafe-inline' github.githubassets.com; worker-src github.com/socket-worker-6832eced.js gist.github.com/socket-worker-6832eced.js","x-github-request-id":"E251:6F80:45D929:632392:604AA0A2"}
[debug] [2021-03-11T22:58:42.304Z] >>> [apiv2][query] GET https://api.github.com/user [none]
[debug] [2021-03-11T22:58:42.496Z] <<< [apiv2][status] GET https://api.github.com/user 200
[debug] [2021-03-11T22:58:42.497Z] <<< [apiv2][body] GET https://api.github.com/user {"login":"DeanTerrizzi","id":11674389,"node_id":"MDQ6VXNlcjExNjc0Mzg5","avatar_url":"https://avatars.githubusercontent.com/u/11674389?v=4","gravatar_id":"","url":"https://api.github.com/users/DeanTerrizzi","html_url":"https://github.com/DeanTerrizzi","followers_url":"https://api.github.com/users/DeanTerrizzi/followers","following_url":"https://api.github.com/users/DeanTerrizzi/following{/other_user}","gists_url":"https://api.github.com/users/DeanTerrizzi/gists{/gist_id}","starred_url":"https://api.github.com/users/DeanTerrizzi/starred{/owner}{/repo}","subscriptions_url":"https://api.github.com/users/DeanTerrizzi/subscriptions","organizations_url":"https://api.github.com/users/DeanTerrizzi/orgs","repos_url":"https://api.github.com/users/DeanTerrizzi/repos","events_url":"https://api.github.com/users/DeanTerrizzi/events{/privacy}","received_events_url":"https://api.github.com/users/DeanTerrizzi/received_events","type":"User","site_admin":false,"name":"Dean Terrizzi","company":null,"blog":"deanterrizzi","location":"New York","email":"dterrizzi@outlook.com","hireable":null,"bio":"B.S. Computer Science\r\nSUNY New Paltz 2018","twitter_username":null,"public_repos":11,"public_gists":0,"followers":0,"following":0,"created_at":"2015-03-27T03:13:02Z","updated_at":"2021-03-11T22:58:35Z","private_gists":0,"total_private_repos":0,"owned_private_repos":0,"disk_usage":123882,"collaborators":0,"two_factor_authentication":false,"plan":{"name":"free","space":976562499,"collaborators":0,"private_repos":10000}}
[info] 
[info] ✔  Success! Logged into GitHub as DeanTerrizzi 
[info] 
